Left hand visualizing: False
Dataset Building
Creating Model
Loading Model from checkpoint
resuming by loading epoch 29
/space/chuhz/software/anaconda3/envs/Where2comm/lib/python3.7/site-packages/mmcv/__init__.py:21: UserWarning: On January 1, 2023, MMCV will release v2.0.0, in which it will remove components related to the training process and add a data transformation module. In addition, it will rename the package names mmcv to mmcv-lite and mmcv-full to mmcv. See https://github.com/open-mmlab/mmcv/blob/master/docs/en/compatibility.md for more details.
  'On January 1, 2023, MMCV will release v2.0.0, in which it will remove '

0it [00:00, ?it/s]/space/chuhz/software/anaconda3/envs/Where2comm/lib/python3.7/site-packages/torch/nn/functional.py:1806: UserWarning: nn.functional.sigmoid is deprecated. Use torch.sigmoid instead.
  warnings.warn("nn.functional.sigmoid is deprecated. Use torch.sigmoid instead.")
/space/chuhz/software/anaconda3/envs/Where2comm/lib/python3.7/site-packages/shapely/set_operations.py:133: RuntimeWarning: invalid value encountered in intersection
  return lib.intersection(a, b, **kwargs)

1it [00:04,  4.58s/it]
2it [00:06,  2.73s/it]
3it [00:07,  2.11s/it]
4it [00:08,  1.84s/it]
5it [00:10,  1.68s/it]
6it [00:11,  1.58s/it]
7it [00:12,  1.47s/it]
8it [00:14,  1.38s/it]
9it [00:15,  1.32s/it]
10it [00:16,  1.31s/it]
13it [00:16,  1.69it/s]
15it [00:16,  2.40it/s]
17it [00:17,  3.20it/s]
19it [00:17,  4.16it/s]
21it [00:17,  5.07it/s]
23it [00:17,  6.06it/s]
24it [00:17,  6.35it/s]
25it [00:17,  6.46it/s]
26it [00:18,  6.98it/s]
27it [00:18,  7.20it/s]
29it [00:18,  8.11it/s]
31it [00:18,  8.65it/s]
33it [00:18,  9.11it/s]
34it [00:18,  9.11it/s]
35it [00:18,  9.10it/s]
36it [00:19,  9.19it/s]
37it [00:19,  9.25it/s]
38it [00:19,  9.29it/s]
39it [00:19,  8.67it/s]
41it [00:19,  8.82it/s]
43it [00:19,  9.00it/s]
44it [00:19,  9.08it/s]
45it [00:20,  9.18it/s]
46it [00:20,  9.35it/s]
47it [00:20,  9.33it/s]
49it [00:20,  9.49it/s]
50it [00:20,  9.52it/s]
51it [00:20,  9.20it/s]
53it [00:20,  9.04it/s]
54it [00:21,  8.98it/s]
55it [00:21,  9.13it/s]
57it [00:21,  9.46it/s]
59it [00:21,  9.45it/s]
60it [00:21,  9.47it/s]
61it [00:21,  9.29it/s]
62it [00:21,  8.56it/s]
63it [00:22,  8.39it/s]
64it [00:22,  8.56it/s]
65it [00:22,  7.62it/s]
66it [00:22,  7.93it/s]
67it [00:22,  8.25it/s]
69it [00:22,  8.59it/s]
71it [00:23,  8.43it/s]
72it [00:23,  7.94it/s]
73it [00:23,  7.01it/s]
74it [00:23,  6.73it/s]
75it [00:23,  6.70it/s]
76it [00:23,  7.14it/s]
77it [00:23,  6.83it/s]
78it [00:24,  7.27it/s]
79it [00:24,  7.03it/s]
80it [00:24,  6.79it/s]
81it [00:24,  6.52it/s]
82it [00:24,  6.73it/s]
83it [00:24,  6.70it/s]
84it [00:24,  6.93it/s]
85it [00:25,  6.97it/s]
86it [00:25,  6.81it/s]
87it [00:25,  6.71it/s]
88it [00:25,  7.15it/s]
89it [00:25,  6.86it/s]
90it [00:25,  6.93it/s]
91it [00:25,  7.09it/s]
92it [00:26,  7.75it/s]
93it [00:26,  8.00it/s]
94it [00:26,  7.29it/s]
95it [00:26,  7.03it/s]
96it [00:26,  7.16it/s]
97it [00:26,  7.51it/s]
98it [00:26,  7.88it/s]
99it [00:26,  8.07it/s]
100it [00:27,  8.27it/s]
101it [00:27,  7.96it/s]
102it [00:27,  8.33it/s]
103it [00:27,  8.29it/s]
104it [00:27,  8.52it/s]
105it [00:27,  7.74it/s]
106it [00:27,  7.27it/s]
107it [00:28,  7.06it/s]
108it [00:28,  7.34it/s]
109it [00:28,  7.41it/s]
110it [00:28,  6.90it/s]
111it [00:28,  6.56it/s]
112it [00:28,  6.07it/s]
113it [00:28,  6.14it/s]
114it [00:29,  5.85it/s]
115it [00:29,  5.38it/s]
116it [00:29,  5.61it/s]
117it [00:29,  5.71it/s]
118it [00:29,  5.81it/s]
119it [00:30,  5.97it/s]
120it [00:30,  6.17it/s]
121it [00:30,  6.16it/s]
122it [00:30,  6.08it/s]
123it [00:30,  5.35it/s]
124it [00:30,  5.60it/s]
125it [00:31,  5.02it/s]
126it [00:31,  4.42it/s]
127it [00:31,  4.06it/s]
128it [00:32,  4.02it/s]
129it [00:32,  3.79it/s]
130it [00:32,  3.84it/s]
131it [00:32,  3.81it/s]
132it [00:33,  3.89it/s]
134it [00:33,  6.08it/s]
136it [00:33,  8.01it/s]
138it [00:33,  9.46it/s]
140it [00:33, 10.00it/s]
142it [00:33, 10.85it/s]
144it [00:34,  9.38it/s]
146it [00:34, 10.38it/s]
148it [00:35,  5.30it/s]
150it [00:35,  6.54it/s]
152it [00:35,  4.40it/s]
154it [00:36,  5.47it/s]
155it [00:36,  4.76it/s]
157it [00:36,  6.09it/s]
159it [00:36,  6.76it/s]
161it [00:36,  7.99it/s]
163it [00:37,  8.32it/s]
165it [00:37,  9.23it/s]
167it [00:37, 10.01it/s]
169it [00:37, 10.39it/s]
171it [00:37, 10.62it/s]
173it [00:38, 10.96it/s]
175it [00:38, 10.19it/s]
177it [00:38, 11.03it/s]
179it [00:38, 10.90it/s]
181it [00:38, 10.68it/s]
183it [00:38, 11.09it/s]
186it [00:39, 12.93it/s]
188it [00:39, 13.47it/s]
190it [00:39, 14.07it/s]
192it [00:39, 14.90it/s]
194it [00:39, 15.36it/s]
196it [00:39, 15.97it/s]
198it [00:39, 15.61it/s]
200it [00:39, 16.58it/s]
202it [00:40, 16.80it/s]
204it [00:40, 16.55it/s]
207it [00:40, 17.73it/s]
209it [00:40, 16.50it/s]
212it [00:40, 12.92it/s]
215it [00:40, 14.93it/s]
217it [00:41, 10.64it/s]
220it [00:41, 10.10it/s]
223it [00:41, 12.02it/s]
225it [00:41, 12.00it/s]
227it [00:42, 11.83it/s]
229it [00:42, 11.60it/s]
231it [00:42, 11.33it/s]
233it [00:42, 11.35it/s]
235it [00:42, 11.38it/s]
237it [00:43, 10.29it/s]
239it [00:43, 10.06it/s]
241it [00:43, 10.00it/s]
243it [00:43,  9.17it/s]
244it [00:43,  9.17it/s]
245it [00:44,  8.63it/s]
246it [00:44,  8.33it/s]
247it [00:44,  8.30it/s]
248it [00:44,  8.17it/s]
249it [00:44,  8.43it/s]
250it [00:44,  8.73it/s]
251it [00:44,  8.74it/s]
252it [00:44,  8.97it/s]
253it [00:44,  9.02it/s]
254it [00:45,  9.23it/s]
255it [00:45,  8.79it/s]
256it [00:45,  9.00it/s]
257it [00:45,  8.50it/s]
258it [00:45,  8.14it/s]
259it [00:45,  8.13it/s]
261it [00:45,  9.05it/s]
263it [00:46,  9.11it/s]
265it [00:46, 10.03it/s]
267it [00:46, 10.21it/s]
269it [00:46, 10.40it/s]
271it [00:46, 10.79it/s]
273it [00:46, 10.86it/s]
275it [00:47,  9.95it/s]
277it [00:47, 10.06it/s]
279it [00:47, 10.20it/s]
281it [00:47, 10.19it/s]
283it [00:48,  9.58it/s]
285it [00:48,  9.84it/s]
286it [00:48,  9.46it/s]
288it [00:48, 10.31it/s]
290it [00:48,  9.78it/s]
292it [00:48, 10.43it/s]
294it [00:49,  9.84it/s]
296it [00:49,  9.54it/s]
297it [00:49,  9.36it/s]
298it [00:49,  8.92it/s]
299it [00:49,  8.54it/s]
300it [00:49,  8.53it/s]
301it [00:49,  8.76it/s]
302it [00:50,  8.91it/s]
303it [00:50,  8.87it/s]
305it [00:50, 11.07it/s]
307it [00:50, 11.99it/s]
309it [00:50, 13.91it/s]
311it [00:50, 13.57it/s]
313it [00:50, 12.97it/s]
315it [00:51, 13.52it/s]
317it [00:51, 12.55it/s]
319it [00:51, 11.72it/s]
321it [00:51, 12.17it/s]
323it [00:51, 12.82it/s]
325it [00:51, 13.34it/s]
327it [00:52,  6.80it/s]
329it [00:52,  7.89it/s]
331it [00:52,  8.51it/s]
333it [00:52,  9.86it/s]
335it [00:53, 10.10it/s]
337it [00:53, 10.84it/s]
339it [00:53, 11.07it/s]
341it [00:53, 11.35it/s]
343it [00:53, 11.21it/s]
345it [00:53, 11.98it/s]
347it [00:54, 11.79it/s]
349it [00:54, 12.80it/s]
351it [00:54,  8.58it/s]
353it [00:54, 10.19it/s]
355it [00:55,  8.75it/s]
357it [00:55, 10.30it/s]
359it [00:55,  6.91it/s]
361it [00:55,  8.45it/s]
363it [00:56,  7.20it/s]
365it [00:56,  8.57it/s]
367it [00:56,  9.49it/s]
369it [00:56, 10.44it/s]
371it [00:56, 10.93it/s]
373it [00:56, 11.75it/s]
375it [00:57, 11.13it/s]
377it [00:57, 12.25it/s]
379it [00:57, 10.77it/s]
381it [00:57, 11.75it/s]
383it [00:57, 11.60it/s]
385it [00:57, 12.46it/s]
387it [00:58,  9.33it/s]
389it [00:58, 10.73it/s]
391it [00:58,  6.67it/s]
393it [00:59,  8.12it/s]
395it [00:59,  5.74it/s]
397it [00:59,  7.20it/s]
399it [00:59,  8.49it/s]
401it [00:59, 10.18it/s]
403it [01:00, 11.01it/s]
405it [01:00, 12.35it/s]
407it [01:00,  6.78it/s]
409it [01:00,  8.39it/s]
411it [01:01,  9.83it/s]
413it [01:01, 10.93it/s]
415it [01:01, 11.10it/s]
417it [01:01, 11.67it/s]
419it [01:01, 11.79it/s]
421it [01:02,  8.79it/s]
423it [01:02,  9.95it/s]
425it [01:02,  9.16it/s]
427it [01:02, 10.63it/s]
429it [01:03,  7.86it/s]
431it [01:03,  9.38it/s]
433it [01:03, 10.10it/s]
435it [01:03, 11.00it/s]
437it [01:03,  8.98it/s]
439it [01:03, 10.49it/s]
441it [01:04,  6.42it/s]
443it [01:04,  8.04it/s]
445it [01:04,  8.67it/s]
447it [01:04, 10.31it/s]
449it [01:05,  9.35it/s]
451it [01:05, 10.73it/s]
453it [01:05, 11.44it/s]
455it [01:05,  9.24it/s]
457it [01:05,  8.54it/s]
460it [01:06,  8.19it/s]
463it [01:06, 10.11it/s]
465it [01:06,  7.67it/s]
468it [01:07,  7.29it/s]
470it [01:07,  8.68it/s]
472it [01:07,  7.95it/s]
474it [01:07,  9.42it/s]
476it [01:08,  7.79it/s]
478it [01:08,  9.33it/s]
480it [01:08,  9.22it/s]
482it [01:08, 10.71it/s]
484it [01:09,  9.16it/s]
486it [01:09, 10.78it/s]
488it [01:09,  7.13it/s]
491it [01:09,  9.48it/s]
493it [01:10,  7.45it/s]
495it [01:10,  8.76it/s]
497it [01:10,  9.31it/s]
499it [01:10, 10.81it/s]
501it [01:10, 10.16it/s]
503it [01:11, 11.48it/s]
505it [01:11,  9.31it/s]
507it [01:11, 10.50it/s]
509it [01:11,  9.35it/s]
511it [01:11, 10.42it/s]
513it [01:12,  8.99it/s]
515it [01:12, 10.22it/s]
517it [01:12, 10.98it/s]
519it [01:12, 12.35it/s]
521it [01:13,  7.95it/s]
523it [01:13,  9.37it/s]
525it [01:13,  9.17it/s]
527it [01:13, 10.74it/s]
529it [01:13,  7.09it/s]
531it [01:14,  8.46it/s]
533it [01:14,  7.24it/s]
535it [01:14,  8.67it/s]
537it [01:15,  5.79it/s]
539it [01:15,  7.10it/s]
541it [01:15,  6.00it/s]
543it [01:15,  7.32it/s]
545it [01:16,  6.62it/s]
547it [01:16,  8.04it/s]
549it [01:17,  5.60it/s]
551it [01:17,  6.97it/s]
553it [01:17,  7.83it/s]
555it [01:17,  9.08it/s]
557it [01:17,  9.21it/s]
559it [01:17, 10.48it/s]
561it [01:18,  8.94it/s]
563it [01:18, 10.32it/s]
565it [01:18,  7.52it/s]
567it [01:18,  8.73it/s]
569it [01:19,  7.91it/s]
571it [01:19,  9.34it/s]
573it [01:19,  7.89it/s]
575it [01:19,  9.53it/s]
577it [01:20,  7.10it/s]
579it [01:20,  8.51it/s]
581it [01:20,  9.58it/s]
583it [01:20, 11.05it/s]
585it [01:20, 10.45it/s]
587it [01:20, 11.66it/s]
589it [01:21, 11.88it/s]
591it [01:21, 12.35it/s]
593it [01:21, 12.03it/s]
595it [01:21, 12.19it/s]
597it [01:21, 12.46it/s]
599it [01:21, 12.98it/s]
601it [01:21, 13.22it/s]
603it [01:22, 14.22it/s]
605it [01:22, 14.55it/s]
607it [01:22, 15.06it/s]
609it [01:22, 10.88it/s]
612it [01:22, 13.33it/s]
614it [01:23,  9.62it/s]
616it [01:23, 10.91it/s]
618it [01:23, 10.03it/s]
620it [01:23, 11.56it/s]
622it [01:23, 10.34it/s]
624it [01:23, 11.87it/s]
626it [01:24,  8.13it/s]
628it [01:24,  9.87it/s]
630it [01:24, 10.65it/s]
632it [01:24, 11.98it/s]
634it [01:25,  8.66it/s]
636it [01:25, 10.38it/s]
638it [01:25,  8.62it/s]
640it [01:25, 10.10it/s]
642it [01:25,  9.68it/s]
644it [01:26, 10.88it/s]
646it [01:26, 11.14it/s]
648it [01:26, 12.21it/s]
650it [01:26, 12.28it/s]
652it [01:26, 13.24it/s]
654it [01:26, 13.81it/s]
656it [01:26, 13.62it/s]
658it [01:27, 10.54it/s]
661it [01:27, 12.62it/s]
663it [01:27, 10.72it/s]
665it [01:27, 12.13it/s]
667it [01:27, 10.83it/s]
669it [01:28, 12.09it/s]
671it [01:28, 11.49it/s]
673it [01:28, 12.56it/s]
675it [01:28, 11.58it/s]
677it [01:28, 12.28it/s]
679it [01:29, 10.61it/s]
681it [01:29, 11.78it/s]
683it [01:29, 11.53it/s]
685it [01:29, 11.96it/s]
687it [01:29, 12.16it/s]
689it [01:29, 11.09it/s]
691it [01:29, 12.29it/s]
693it [01:30, 12.32it/s]
695it [01:30, 11.73it/s]
697it [01:30, 12.58it/s]
699it [01:30, 12.47it/s]
701it [01:30, 13.19it/s]
703it [01:30, 12.49it/s]
705it [01:31, 12.31it/s]
707it [01:31, 11.97it/s]
709it [01:31, 11.30it/s]
711it [01:31, 11.53it/s]
713it [01:31, 11.03it/s]
715it [01:32, 11.22it/s]
717it [01:32, 10.96it/s]
719it [01:32, 11.60it/s]
721it [01:32, 10.74it/s]
723it [01:32, 10.73it/s]
725it [01:32, 10.46it/s]
727it [01:33, 10.72it/s]
729it [01:33,  9.43it/s]
730it [01:33,  9.27it/s]
732it [01:33,  9.39it/s]
733it [01:33,  9.19it/s]
734it [01:33,  9.10it/s]
735it [01:34,  8.84it/s]
736it [01:34,  8.61it/s]
737it [01:34,  8.19it/s]
738it [01:34,  7.85it/s]
739it [01:34,  7.65it/s]
740it [01:34,  7.66it/s]
741it [01:34,  7.81it/s]
742it [01:35,  7.76it/s]
743it [01:35,  7.78it/s]
744it [01:35,  7.44it/s]
745it [01:35,  7.34it/s]
746it [01:35,  7.25it/s]
747it [01:35,  7.74it/s]
749it [01:35,  8.59it/s]
750it [01:36,  8.59it/s]
751it [01:36,  8.79it/s]
753it [01:36,  5.06it/s]
754it [01:36,  5.54it/s]
755it [01:36,  6.10it/s]
757it [01:38,  3.19it/s]
759it [01:38,  4.26it/s]
761it [01:38,  3.59it/s]
762it [01:39,  4.03it/s]
763it [01:39,  4.45it/s]
764it [01:39,  5.07it/s]
765it [01:39,  5.47it/s]
766it [01:39,  6.01it/s]
767it [01:39,  6.42it/s]
768it [01:39,  6.93it/s]
769it [01:39,  7.06it/s]
770it [01:40,  7.28it/s]
771it [01:40,  7.18it/s]
772it [01:40,  6.76it/s]
773it [01:40,  6.12it/s]
774it [01:40,  6.56it/s]
775it [01:40,  6.82it/s]
776it [01:41,  6.61it/s]
777it [01:41,  6.51it/s]
778it [01:41,  7.10it/s]
779it [01:41,  7.38it/s]
780it [01:41,  7.11it/s]
781it [01:41,  6.92it/s]
782it [01:41,  7.38it/s]
783it [01:41,  7.29it/s]
784it [01:42,  6.98it/s]
785it [01:42,  6.62it/s]
786it [01:42,  6.94it/s]
787it [01:42,  7.15it/s]
788it [01:42,  7.71it/s]
789it [01:42,  7.58it/s]
790it [01:42,  7.21it/s]
791it [01:43,  7.06it/s]
792it [01:43,  7.70it/s]
793it [01:43,  7.99it/s]
794it [01:43,  8.39it/s]
795it [01:43,  8.13it/s]
797it [01:43,  8.82it/s]
799it [01:43,  9.63it/s]
801it [01:44,  9.80it/s]
803it [01:44,  9.98it/s]
805it [01:44, 10.48it/s]
807it [01:44,  9.64it/s]
809it [01:44,  9.98it/s]
811it [01:45,  9.29it/s]
812it [01:45,  9.07it/s]
813it [01:45,  8.89it/s]
814it [01:45,  9.09it/s]
815it [01:45,  8.96it/s]
817it [01:45,  9.54it/s]
819it [01:46,  9.28it/s]
820it [01:46,  9.05it/s]
821it [01:46,  8.65it/s]
822it [01:46,  8.51it/s]
823it [01:46,  7.62it/s]
824it [01:46,  7.80it/s]
825it [01:46,  8.21it/s]
827it [01:47,  8.65it/s]
828it [01:47,  8.89it/s]
829it [01:47,  9.08it/s]
830it [01:47,  9.28it/s]
831it [01:47,  8.95it/s]
832it [01:47,  8.26it/s]
833it [01:47,  7.59it/s]
834it [01:47,  8.07it/s]
835it [01:48,  8.16it/s]
836it [01:48,  8.28it/s]
837it [01:48,  7.92it/s]
838it [01:48,  7.41it/s]
839it [01:48,  7.23it/s]
840it [01:48,  7.16it/s]
841it [01:48,  6.72it/s]
842it [01:49,  6.29it/s]
843it [01:49,  6.13it/s]
844it [01:49,  5.90it/s]
845it [01:49,  5.90it/s]
846it [01:49,  6.42it/s]
847it [01:49,  6.18it/s]
848it [01:50,  6.62it/s]
849it [01:50,  6.96it/s]
850it [01:50,  7.36it/s]
851it [01:50,  6.89it/s]
852it [01:50,  7.16it/s]
853it [01:50,  7.24it/s]
854it [01:50,  7.24it/s]
855it [01:50,  7.08it/s]
856it [01:51,  7.28it/s]
857it [01:51,  7.12it/s]
858it [01:51,  6.56it/s]
859it [01:51,  6.43it/s]
860it [01:51,  6.87it/s]
861it [01:51,  6.86it/s]
862it [01:52,  6.58it/s]
863it [01:52,  6.34it/s]
864it [01:52,  6.55it/s]
865it [01:52,  5.75it/s]
866it [01:52,  5.76it/s]
867it [01:52,  5.62it/s]
868it [01:53,  5.74it/s]
869it [01:53,  4.34it/s]
870it [01:53,  4.61it/s]
871it [01:53,  5.08it/s]
872it [01:53,  5.13it/s]
873it [01:54,  4.92it/s]
874it [01:54,  5.11it/s]
875it [01:54,  5.70it/s]
876it [01:54,  5.72it/s]
877it [01:54,  5.32it/s]
878it [01:55,  5.56it/s]
879it [01:55,  6.06it/s]
880it [01:55,  6.03it/s]
881it [01:55,  5.83it/s]
882it [01:55,  5.84it/s]
883it [01:55,  6.19it/s]
884it [01:55,  6.76it/s]
885it [01:56,  6.31it/s]
886it [01:56,  6.00it/s]
887it [01:56,  5.80it/s]
888it [01:56,  6.31it/s]
889it [01:56,  6.12it/s]
890it [01:56,  5.97it/s]
891it [01:57,  6.06it/s]
892it [01:57,  6.68it/s]
893it [01:57,  7.00it/s]
894it [01:57,  7.44it/s]
895it [01:57,  7.94it/s]
896it [01:57,  7.90it/s]
897it [01:57,  7.41it/s]
898it [01:58,  7.59it/s]
900it [01:58,  8.36it/s]
901it [01:58,  7.84it/s]
902it [01:58,  7.72it/s]
903it [01:58,  7.88it/s]
904it [01:58,  8.08it/s]
905it [01:58,  7.51it/s]
906it [01:59,  7.41it/s]
907it [01:59,  7.62it/s]
908it [01:59,  7.47it/s]
909it [01:59,  7.31it/s]
910it [01:59,  7.42it/s]
911it [01:59,  7.57it/s]
912it [01:59,  7.61it/s]
913it [01:59,  7.66it/s]
914it [02:00,  7.65it/s]
915it [02:00,  7.57it/s]
916it [02:00,  7.77it/s]
917it [02:00,  7.31it/s]
918it [02:00,  6.55it/s]
919it [02:00,  6.39it/s]
920it [02:01,  6.55it/s]
921it [02:01,  6.47it/s]
922it [02:01,  6.79it/s]
923it [02:01,  7.17it/s]
924it [02:01,  7.77it/s]
925it [02:01,  7.26it/s]
926it [02:01,  7.51it/s]
927it [02:01,  7.00it/s]
928it [02:02,  6.97it/s]
929it [02:02,  7.17it/s]
930it [02:02,  7.51it/s]
931it [02:02,  6.63it/s]
932it [02:02,  6.85it/s]
933it [02:02,  7.30it/s]
934it [02:02,  7.88it/s]
935it [02:03,  8.02it/s]
936it [02:03,  8.08it/s]
937it [02:03,  8.21it/s]
938it [02:03,  7.80it/s]
939it [02:03,  7.80it/s]
940it [02:03,  7.51it/s]
941it [02:03,  7.43it/s]
942it [02:03,  7.92it/s]
943it [02:04,  6.17it/s]
944it [02:04,  5.54it/s]
945it [02:04,  4.65it/s]
946it [02:04,  4.87it/s]
947it [02:05,  4.51it/s]
948it [02:05,  4.86it/s]
949it [02:05,  4.96it/s]
950it [02:05,  5.42it/s]
951it [02:05,  5.62it/s]
952it [02:05,  6.32it/s]
953it [02:06,  7.07it/s]
955it [02:06,  8.09it/s]
957it [02:06,  8.63it/s]
959it [02:06,  9.15it/s]
961it [02:06,  9.64it/s]
962it [02:06,  9.49it/s]
963it [02:07,  9.07it/s]
964it [02:07,  7.84it/s]
965it [02:07,  7.14it/s]
966it [02:07,  7.58it/s]
967it [02:07,  8.03it/s]
968it [02:07,  8.37it/s]
969it [02:07,  8.23it/s]
971it [02:08,  9.37it/s]
972it [02:08,  9.16it/s]
973it [02:08,  9.07it/s]
975it [02:08,  9.49it/s]
976it [02:08,  9.25it/s]
977it [02:08,  8.82it/s]
978it [02:08,  8.73it/s]
979it [02:08,  8.30it/s]
980it [02:09,  8.41it/s]
981it [02:09,  8.76it/s]
983it [02:09,  8.99it/s]
984it [02:09,  8.63it/s]
986it [02:09,  9.40it/s]
988it [02:09,  9.15it/s]
989it [02:10,  8.91it/s]
990it [02:10,  9.13it/s]
991it [02:10,  8.86it/s]
992it [02:10,  8.48it/s]
993it [02:10,  8.01it/s]
994it [02:10,  8.17it/s]
995it [02:10,  7.95it/s]
996it [02:10,  7.64it/s]
997it [02:11,  7.59it/s]
998it [02:11,  7.03it/s]
999it [02:11,  6.18it/s]
1000it [02:11,  6.39it/s]
1001it [02:11,  6.56it/s]
1002it [02:11,  6.58it/s]
1003it [02:12,  6.70it/s]
1004it [02:12,  6.88it/s]
1005it [02:12,  7.05it/s]
1006it [02:12,  7.55it/s]
1007it [02:12,  7.35it/s]
1008it [02:12,  7.31it/s]
1009it [02:12,  7.65it/s]
1010it [02:12,  7.52it/s]
1011it [02:13,  6.71it/s]
1012it [02:13,  7.02it/s]
1013it [02:13,  6.97it/s]
1014it [02:13,  6.69it/s]
1015it [02:13,  6.36it/s]
1016it [02:13,  6.89it/s]
1017it [02:14,  6.95it/s]
1018it [02:14,  6.69it/s]
1019it [02:14,  6.17it/s]
1020it [02:14,  6.41it/s]
1021it [02:14,  6.55it/s]
1022it [02:14,  6.49it/s]
1023it [02:14,  6.49it/s]
1024it [02:15,  6.87it/s]
1025it [02:15,  6.29it/s]
1026it [02:15,  6.61it/s]
1027it [02:15,  6.53it/s]
1028it [02:15,  6.33it/s]
1029it [02:15,  5.94it/s]
1030it [02:16,  6.23it/s]
1031it [02:16,  6.14it/s]
1032it [02:16,  6.00it/s]
1033it [02:16,  6.17it/s]
1034it [02:16,  6.29it/s]
1035it [02:16,  6.14it/s]
1036it [02:17,  6.14it/s]
1037it [02:17,  6.24it/s]
1038it [02:17,  6.58it/s]
1039it [02:17,  6.21it/s]
1040it [02:17,  6.53it/s]
1041it [02:17,  6.50it/s]
1042it [02:18,  6.31it/s]
1043it [02:18,  5.52it/s]
1044it [02:18,  5.56it/s]
1045it [02:18,  6.00it/s]
1046it [02:18,  5.88it/s]
1047it [02:18,  5.87it/s]
1048it [02:19,  5.57it/s]
1049it [02:19,  5.58it/s]
1050it [02:19,  5.57it/s]
1051it [02:19,  5.37it/s]
1052it [02:19,  5.74it/s]
1053it [02:19,  5.97it/s]
1054it [02:20,  6.05it/s]
1055it [02:20,  5.86it/s]
1056it [02:20,  5.81it/s]
1057it [02:20,  6.10it/s]
1058it [02:20,  6.11it/s]
1059it [02:20,  6.27it/s]
1060it [02:21,  6.39it/s]
1061it [02:21,  6.44it/s]
1062it [02:21,  6.69it/s]
1063it [02:21,  6.00it/s]
1064it [02:21,  6.19it/s]
1065it [02:21,  5.80it/s]
1066it [02:22,  5.76it/s]
1067it [02:22,  5.83it/s]
1068it [02:22,  5.49it/s]
1069it [02:22,  5.97it/s]
1070it [02:22,  6.41it/s]
1071it [02:22,  6.34it/s]
1072it [02:23,  6.27it/s]
1073it [02:23,  5.85it/s]
1074it [02:23,  5.75it/s]
1075it [02:23,  5.76it/s]
1076it [02:23,  6.53it/s]
1077it [02:23,  6.96it/s]
1078it [02:23,  7.11it/s]
1079it [02:24,  6.67it/s]
1080it [02:24,  6.70it/s]
1081it [02:24,  6.87it/s]
1082it [02:24,  7.09it/s]
1083it [02:24,  7.22it/s]
1084it [02:24,  6.85it/s]
1085it [02:25,  6.65it/s]
1086it [02:25,  7.31it/s]
1087it [02:25,  7.46it/s]
1088it [02:25,  7.52it/s]
1089it [02:25,  7.58it/s]
1090it [02:25,  7.46it/s]
1091it [02:25,  7.78it/s]
1092it [02:25,  8.13it/s]
1093it [02:26,  7.84it/s]
1094it [02:26,  7.96it/s]
1095it [02:26,  7.51it/s]
1096it [02:26,  7.55it/s]
1097it [02:26,  7.33it/s]
1098it [02:26,  6.85it/s]
1099it [02:26,  7.04it/s]
1100it [02:26,  7.26it/s]
1101it [02:27,  7.40it/s]
1102it [02:27,  6.95it/s]
1103it [02:27,  6.99it/s]
1104it [02:27,  7.54it/s]
1105it [02:27,  7.63it/s]
1106it [02:27,  7.43it/s]
1107it [02:27,  8.00it/s]
1108it [02:28,  7.92it/s]
1109it [02:28,  7.63it/s]
1110it [02:28,  7.68it/s]
1111it [02:28,  7.87it/s]
1112it [02:28,  8.01it/s]
1113it [02:28,  7.68it/s]
1114it [02:28,  7.11it/s]
1115it [02:29,  6.89it/s]
1116it [02:29,  6.85it/s]
1117it [02:29,  6.40it/s]
1118it [02:29,  6.70it/s]
1119it [02:29,  6.49it/s]
1120it [02:29,  7.09it/s]
1121it [02:29,  6.93it/s]
1122it [02:30,  6.66it/s]
1123it [02:30,  6.07it/s]
1124it [02:30,  6.43it/s]
1125it [02:30,  6.47it/s]
1126it [02:30,  6.43it/s]
1127it [02:30,  6.78it/s]
1128it [02:30,  6.85it/s]
1129it [02:31,  6.73it/s]
1130it [02:31,  6.75it/s]
1131it [02:31,  6.69it/s]
1132it [02:31,  5.98it/s]
1133it [02:31,  5.76it/s]
1134it [02:31,  5.82it/s]
1135it [02:32,  5.19it/s]
1136it [02:32,  5.37it/s]
1137it [02:32,  5.40it/s]
1138it [02:32,  5.85it/s]
1139it [02:32,  5.60it/s]
1140it [02:33,  5.76it/s]
1141it [02:33,  6.07it/s]
1142it [02:33,  6.11it/s]
1143it [02:33,  6.36it/s]
1144it [02:33,  6.60it/s]
1145it [02:33,  6.30it/s]
1146it [02:34,  6.24it/s]
1147it [02:34,  5.71it/s]
1148it [02:34,  5.76it/s]
1149it [02:34,  5.82it/s]
1150it [02:34,  5.45it/s]
1151it [02:34,  5.44it/s]
1152it [02:35,  5.59it/s]
1153it [02:35,  5.32it/s]
1154it [02:35,  5.16it/s]
1155it [02:35,  4.94it/s]
1156it [02:35,  5.13it/s]
1157it [02:36,  4.51it/s]
1158it [02:36,  4.59it/s]
1159it [02:36,  4.70it/s]
1160it [02:36,  4.78it/s]
1161it [02:37,  4.77it/s]
1162it [02:37,  5.00it/s]
1163it [02:37,  4.65it/s]
1164it [02:37,  4.82it/s]
1165it [02:37,  4.86it/s]
1166it [02:38,  5.13it/s]
1167it [02:38,  5.02it/s]
1168it [02:38,  5.16it/s]
1169it [02:38,  5.30it/s]
1170it [02:38,  5.51it/s]
1171it [02:38,  5.52it/s]
1172it [02:39,  5.59it/s]
1173it [02:39,  4.30it/s]
1174it [02:39,  4.49it/s]
1175it [02:39,  4.71it/s]
1176it [02:40,  3.84it/s]
1177it [02:40,  3.12it/s]
1178it [02:40,  3.29it/s]
1179it [02:41,  3.67it/s]
1180it [02:41,  4.03it/s]
1181it [02:41,  4.23it/s]
1182it [02:41,  4.26it/s]
1183it [02:42,  4.25it/s]
1184it [02:42,  4.35it/s]
1185it [02:42,  4.66it/s]
1186it [02:42,  5.04it/s]
1187it [02:42,  5.11it/s]
1188it [02:42,  5.13it/s]
1189it [02:43,  4.94it/s]
1190it [02:43,  4.93it/s]
1191it [02:43,  5.15it/s]
1192it [02:43,  5.29it/s]
1193it [02:43,  5.40it/s]
1194it [02:44,  5.79it/s]
1195it [02:44,  6.06it/s]
1196it [02:44,  5.71it/s]
1197it [02:44,  5.90it/s]
1198it [02:44,  5.49it/s]
1199it [02:44,  5.48it/s]
1200it [02:45,  5.73it/s]
1201it [02:45,  5.35it/s]
1202it [02:45,  5.22it/s]
1203it [02:45,  5.47it/s]
1204it [02:45,  5.74it/s]
1205it [02:46,  5.30it/s]
1206it [02:46,  5.40it/s]
1207it [02:46,  5.76it/s]
1208it [02:46,  5.88it/s]
1209it [02:46,  5.60it/s]
1210it [02:46,  5.43it/s]
1211it [02:47,  5.60it/s]
1212it [02:47,  6.05it/s]
1213it [02:47,  6.32it/s]
1214it [02:47,  6.03it/s]
1215it [02:47,  6.21it/s]
1216it [02:47,  6.65it/s]
1217it [02:48,  6.28it/s]
1218it [02:48,  6.15it/s]
1219it [02:48,  5.87it/s]
1220it [02:48,  5.89it/s]
1221it [02:48,  6.05it/s]
1222it [02:48,  6.48it/s]
1223it [02:49,  6.41it/s]
1224it [02:49,  6.23it/s]
1225it [02:49,  5.99it/s]
1226it [02:49,  6.34it/s]
1227it [02:49,  6.52it/s]
1228it [02:49,  6.61it/s]
1229it [02:49,  6.78it/s]
1230it [02:50,  7.37it/s]
1231it [02:50,  6.19it/s]
1232it [02:50,  6.14it/s]
1233it [02:50,  6.10it/s]
1234it [02:50,  6.48it/s]
1235it [02:50,  5.98it/s]
1236it [02:51,  6.21it/s]
1237it [02:51,  6.48it/s]
1238it [02:51,  6.75it/s]
1239it [02:51,  6.79it/s]
1240it [02:51,  6.89it/s]
1241it [02:51,  6.93it/s]
1242it [02:51,  6.15it/s]
1243it [02:52,  6.18it/s]
1244it [02:52,  5.74it/s]
1245it [02:52,  5.50it/s]
1246it [02:52,  5.81it/s]
1247it [02:52,  5.69it/s]
1248it [02:53,  5.78it/s]
1249it [02:53,  5.87it/s]
1250it [02:53,  5.88it/s]
1251it [02:53,  6.05it/s]
1252it [02:53,  6.22it/s]
1253it [02:53,  6.08it/s]
1254it [02:54,  5.73it/s]
1255it [02:54,  5.80it/s]
1256it [02:54,  6.22it/s]
1257it [02:54,  6.50it/s]
1258it [02:54,  7.03it/s]
1259it [02:54,  6.94it/s]
1260it [02:54,  6.75it/s]
1261it [02:55,  6.89it/s]
1262it [02:55,  7.29it/s]
1263it [02:55,  6.97it/s]
1264it [02:55,  7.41it/s]
1265it [02:55,  7.70it/s]
1266it [02:55,  7.79it/s]
1267it [02:55,  6.88it/s]
1268it [02:55,  7.35it/s]
1269it [02:56,  7.73it/s]
1270it [02:56,  7.76it/s]
1271it [02:56,  7.74it/s]
1272it [02:56,  7.54it/s]
1273it [02:56,  7.61it/s]
1274it [02:56,  8.06it/s]
1275it [02:56,  8.08it/s]
1276it [02:56,  8.02it/s]
1277it [02:57,  7.68it/s]
1278it [02:57,  7.52it/s]
1279it [02:57,  7.01it/s]
1280it [02:57,  7.43it/s]
1281it [02:57,  7.89it/s]
1282it [02:57,  8.05it/s]
1283it [02:57,  7.76it/s]
1284it [02:58,  7.58it/s]
1285it [02:58,  7.28it/s]
1286it [02:58,  7.46it/s]
1287it [02:58,  6.75it/s]
1288it [02:58,  6.72it/s]
1289it [02:58,  6.87it/s]
1290it [02:58,  7.23it/s]
1291it [02:59,  6.96it/s]
1292it [02:59,  7.40it/s]
1293it [02:59,  7.60it/s]
1294it [02:59,  7.68it/s]
1295it [02:59,  7.73it/s]
1296it [02:59,  7.68it/s]
1297it [02:59,  7.77it/s]
1299it [03:00,  7.84it/s]
1300it [03:00,  7.12it/s]
1301it [03:00,  7.02it/s]
1302it [03:00,  7.22it/s]
1303it [03:00,  7.20it/s]
1304it [03:00,  7.25it/s]
1305it [03:00,  6.87it/s]
1306it [03:01,  6.56it/s]
1307it [03:01,  5.70it/s]
1308it [03:01,  5.80it/s]
1309it [03:01,  5.71it/s]
1310it [03:01,  5.69it/s]
1311it [03:02,  5.16it/s]
1312it [03:02,  5.05it/s]
1313it [03:02,  5.10it/s]
1314it [03:02,  4.99it/s]
1315it [03:02,  5.14it/s]
1316it [03:03,  5.29it/s]
1317it [03:03,  5.26it/s]
1318it [03:03,  5.31it/s]
1319it [03:03,  5.20it/s]
1320it [03:03,  5.12it/s]
1321it [03:04,  5.25it/s]
1322it [03:04,  5.53it/s]
1323it [03:04,  5.57it/s]
1324it [03:04,  5.37it/s]
1325it [03:04,  5.58it/s]
1326it [03:04,  5.02it/s]
1327it [03:05,  5.07it/s]
1328it [03:05,  5.35it/s]
1329it [03:05,  5.41it/s]
1330it [03:05,  5.40it/s]
1331it [03:05,  5.11it/s]
1332it [03:06,  4.93it/s]
1333it [03:06,  5.00it/s]
1334it [03:06,  4.66it/s]
1335it [03:06,  4.66it/s]
1336it [03:06,  4.90it/s]
1337it [03:07,  5.01it/s]
1338it [03:07,  5.17it/s]
1339it [03:07,  5.13it/s]
1340it [03:07,  5.29it/s]
1341it [03:07,  5.31it/s]
1342it [03:08,  5.27it/s]
1343it [03:08,  5.24it/s]
1344it [03:08,  5.34it/s]
1345it [03:08,  5.31it/s]
1346it [03:08,  4.97it/s]
1348it [03:09,  7.48it/s]
1350it [03:09,  9.85it/s]
1352it [03:09, 11.26it/s]
1354it [03:09, 12.27it/s]
1356it [03:09, 13.16it/s]
1358it [03:09, 14.20it/s]
1360it [03:09, 14.92it/s]
1362it [03:09, 15.07it/s]
1364it [03:10, 11.71it/s]
1366it [03:10, 12.96it/s]
1368it [03:10, 13.98it/s]
1370it [03:10, 12.90it/s]
1372it [03:10, 10.60it/s]
1374it [03:11,  9.93it/s]
1376it [03:11,  8.89it/s]
1377it [03:11,  8.34it/s]
1378it [03:11,  7.75it/s]
1379it [03:11,  7.90it/s]
1380it [03:11,  7.49it/s]
1381it [03:12,  7.51it/s]
1382it [03:12,  7.61it/s]
1383it [03:12,  7.81it/s]
1384it [03:12,  7.42it/s]
1385it [03:12,  7.36it/s]
1386it [03:12,  7.81it/s]
1387it [03:12,  7.78it/s]
1388it [03:12,  7.74it/s]
1389it [03:13,  7.72it/s]
1391it [03:13,  8.47it/s]
1392it [03:13,  8.58it/s]
1393it [03:13,  8.45it/s]
1395it [03:13,  9.66it/s]
1397it [03:13,  9.57it/s]
1399it [03:14, 10.08it/s]
1401it [03:14, 10.59it/s]
1403it [03:14, 10.57it/s]
1405it [03:14, 10.39it/s]
1407it [03:14, 10.01it/s]
1409it [03:15,  9.66it/s]
1410it [03:15,  9.35it/s]
1411it [03:15,  8.96it/s]
1412it [03:15,  8.87it/s]
1413it [03:15,  8.59it/s]
1414it [03:15,  8.63it/s]
1415it [03:15,  8.54it/s]
1416it [03:15,  8.88it/s]
1417it [03:16,  8.58it/s]
1418it [03:16,  8.67it/s]
1419it [03:16,  8.78it/s]
1421it [03:16,  8.77it/s]
1422it [03:16,  8.97it/s]
1423it [03:16,  8.88it/s]
1425it [03:16,  8.92it/s]
1426it [03:17,  8.26it/s]
1428it [03:17,  9.08it/s]
1430it [03:17,  9.51it/s]
1432it [03:17, 10.47it/s]
1434it [03:17, 11.05it/s]
1436it [03:18,  9.67it/s]
1438it [03:18,  9.27it/s]
1439it [03:18,  8.52it/s]
1440it [03:18,  8.11it/s]
1441it [03:18,  8.09it/s]
1442it [03:18,  7.92it/s]
1443it [03:19,  7.18it/s]
1444it [03:19,  6.79it/s]
1445it [03:19,  6.74it/s]
1446it [03:19,  6.78it/s]
1447it [03:19,  6.71it/s]
1448it [03:19,  6.13it/s]
1449it [03:20,  5.91it/s]
1450it [03:20,  5.48it/s]
1451it [03:20,  5.23it/s]
1452it [03:20,  5.18it/s]
1453it [03:20,  5.07it/s]
1454it [03:21,  5.23it/s]
1455it [03:21,  4.92it/s]
1456it [03:21,  4.51it/s]
1457it [03:21,  4.51it/s]
1458it [03:21,  4.64it/s]
1459it [03:22,  4.41it/s]
1460it [03:22,  4.33it/s]
1461it [03:22,  4.32it/s]
1462it [03:22,  4.37it/s]
1463it [03:23,  4.28it/s]
1464it [03:23,  4.10it/s]
1465it [03:23,  4.06it/s]
1466it [03:23,  3.79it/s]
1467it [03:24,  3.80it/s]
1468it [03:24,  3.82it/s]
1469it [03:24,  3.82it/s]
1470it [03:25,  3.89it/s]
1471it [03:25,  3.95it/s]
1472it [03:25,  4.18it/s]
1473it [03:25,  3.94it/s]
1474it [03:26,  3.80it/s]
1475it [03:26,  3.99it/s]
1477it [03:26,  5.59it/s]
1479it [03:26,  6.84it/s]
1480it [03:26,  7.28it/s]
1481it [03:26,  7.33it/s]
1482it [03:26,  7.50it/s]
1484it [03:27,  8.67it/s]
1486it [03:27,  8.88it/s]
1487it [03:27,  9.01it/s]
1488it [03:27,  9.01it/s]
1489it [03:27,  9.12it/s]
1490it [03:27,  8.96it/s]
1491it [03:27,  8.09it/s]
1492it [03:28,  7.96it/s]
1493it [03:28,  7.75it/s]
1494it [03:28,  7.05it/s]
1495it [03:28,  6.90it/s]
1496it [03:28,  7.13it/s]
1497it [03:28,  7.35it/s]
1498it [03:28,  7.09it/s]
1499it [03:29,  7.04it/s]
1500it [03:29,  6.50it/s]
1501it [03:29,  6.14it/s]
1502it [03:29,  5.81it/s]
1503it [03:29,  6.06it/s]
1504it [03:29,  6.35it/s]
1505it [03:30,  6.13it/s]
1506it [03:30,  6.07it/s]
1507it [03:30,  6.19it/s]
1508it [03:30,  6.39it/s]
1509it [03:30,  6.16it/s]
1511it [03:30,  8.66it/s]
1513it [03:31, 10.60it/s]
1515it [03:31, 12.20it/s]
1517it [03:31, 13.50it/s]
1519it [03:31, 14.69it/s]
1521it [03:31, 15.46it/s]
1523it [03:31, 16.35it/s]
1526it [03:31, 17.54it/s]
1528it [03:32, 13.35it/s]
1530it [03:32,  9.47it/s]
1532it [03:32,  8.29it/s]
1534it [03:32,  7.74it/s]
1535it [03:33,  7.53it/s]
1536it [03:33,  7.68it/s]
1537it [03:33,  6.98it/s]
1538it [03:33,  6.93it/s]
1539it [03:33,  6.31it/s]
1540it [03:34,  5.88it/s]
1541it [03:34,  5.71it/s]
1542it [03:34,  5.76it/s]
1543it [03:34,  5.64it/s]
1544it [03:34,  5.76it/s]
1545it [03:34,  5.85it/s]
1546it [03:35,  5.63it/s]
1547it [03:35,  5.71it/s]
1548it [03:35,  5.34it/s]
1549it [03:35,  5.31it/s]
1550it [03:35,  5.62it/s]
1551it [03:36,  5.36it/s]
1552it [03:36,  5.33it/s]
1553it [03:36,  5.33it/s]
1554it [03:36,  5.35it/s]
1555it [03:36,  5.29it/s]
1556it [03:37,  4.71it/s]
1557it [03:37,  4.76it/s]
1558it [03:37,  5.21it/s]
1559it [03:37,  5.16it/s]
1560it [03:37,  5.12it/s]
1561it [03:38,  4.87it/s]
1562it [03:38,  5.26it/s]
1563it [03:38,  5.14it/s]
1564it [03:38,  5.38it/s]
1565it [03:38,  5.40it/s]
1566it [03:38,  5.50it/s]
1567it [03:39,  4.92it/s]
1568it [03:39,  4.49it/s]
1569it [03:39,  4.40it/s]
1570it [03:39,  4.44it/s]
1571it [03:40,  4.48it/s]
1572it [03:40,  4.58it/s]
1573it [03:40,  4.33it/s]
1574it [03:40,  4.45it/s]
1575it [03:40,  4.53it/s]
1576it [03:41,  4.65it/s]
1577it [03:41,  4.22it/s]
1578it [03:41,  4.16it/s]
1579it [03:42,  3.92it/s]
1580it [03:42,  4.36it/s]
1581it [03:42,  4.37it/s]
1582it [03:42,  4.61it/s]
1583it [03:42,  4.50it/s]
1584it [03:43,  4.60it/s]
1585it [03:43,  4.67it/s]
1586it [03:43,  4.16it/s]
1587it [03:43,  4.19it/s]
1588it [03:44,  4.11it/s]
1589it [03:44,  4.02it/s]
1590it [03:44,  4.07it/s]
1591it [03:44,  3.63it/s]
1592it [03:45,  3.70it/s]
1593it [03:45,  3.64it/s]
1594it [03:45,  3.70it/s]
1595it [03:46,  3.50it/s]
1596it [03:46,  3.59it/s]
1597it [03:46,  3.76it/s]
1598it [03:46,  3.43it/s]
1599it [03:47,  3.79it/s]
1600it [03:47,  3.92it/s]
1601it [03:47,  3.98it/s]
1602it [03:47,  4.21it/s]
1603it [03:47,  4.34it/s]
1604it [03:48,  4.51it/s]
1605it [03:48,  4.83it/s]
1606it [03:48,  5.09it/s]
1607it [03:48,  5.12it/s]
1608it [03:48,  5.27it/s]
1609it [03:49,  5.44it/s]
1610it [03:49,  5.22it/s]
1611it [03:49,  4.86it/s]
1612it [03:49,  4.92it/s]
1613it [03:49,  4.88it/s]
1614it [03:50,  4.95it/s]
1615it [03:50,  4.95it/s]
1616it [03:50,  5.08it/s]
1617it [03:50,  4.99it/s]
1618it [03:50,  5.11it/s]
1619it [03:51,  4.67it/s]
1620it [03:51,  4.64it/s]
1621it [03:51,  4.44it/s]
1622it [03:51,  4.72it/s]
1623it [03:52,  4.52it/s]
1624it [03:52,  4.55it/s]
1625it [03:52,  4.78it/s]
1626it [03:52,  4.98it/s]
1627it [03:52,  5.18it/s]
1628it [03:52,  4.98it/s]
1629it [03:53,  4.59it/s]
1630it [03:53,  4.98it/s]
1631it [03:53,  5.26it/s]
1632it [03:53,  5.75it/s]
1633it [03:53,  5.94it/s]
1634it [03:54,  6.20it/s]
1635it [03:54,  6.38it/s]
1636it [03:54,  6.48it/s]
1637it [03:54,  6.14it/s]
1638it [03:54,  6.60it/s]
1639it [03:54,  6.71it/s]
1640it [03:54,  6.88it/s]
1641it [03:55,  7.15it/s]
1642it [03:55,  7.23it/s]
1643it [03:55,  7.22it/s]
1644it [03:55,  7.11it/s]
1645it [03:55,  7.67it/s]
1647it [03:55,  8.14it/s]
1648it [03:55,  7.72it/s]
1649it [03:56,  7.85it/s]
1650it [03:56,  7.77it/s]
1651it [03:56,  8.12it/s]
1652it [03:56,  8.25it/s]
1653it [03:56,  8.44it/s]
1654it [03:56,  8.57it/s]
1655it [03:56,  8.29it/s]
1656it [03:56,  8.14it/s]
1657it [03:57,  7.94it/s]
1658it [03:57,  8.02it/s]
1659it [03:57,  7.35it/s]
1660it [03:57,  7.50it/s]
1661it [03:57,  8.05it/s]
1662it [03:57,  7.87it/s]
1663it [03:57,  7.83it/s]
1664it [03:57,  8.09it/s]
1666it [03:58,  8.48it/s]
1667it [03:58,  8.20it/s]
1668it [03:58,  8.56it/s]
1669it [03:58,  8.55it/s]
1670it [03:58,  8.59it/s]
1671it [03:58,  8.44it/s]
1673it [03:58,  9.08it/s]
1675it [03:59,  9.64it/s]
1677it [03:59,  9.97it/s]
1679it [03:59,  9.87it/s]
1681it [03:59, 10.38it/s]
1683it [03:59, 10.24it/s]
1685it [04:00, 10.49it/s]
1687it [04:00,  9.78it/s]
1689it [04:00,  9.61it/s]
1691it [04:00, 10.01it/s]
1693it [04:00,  9.43it/s]
1695it [04:01,  9.82it/s]
1696it [04:01,  9.72it/s]
1697it [04:01,  9.25it/s]
1699it [04:01,  9.49it/s]
1700it [04:01,  9.49it/s]
1701it [04:01,  9.29it/s]
1703it [04:01,  9.92it/s]
1704it [04:02,  9.71it/s]
1705it [04:02,  9.57it/s]
1707it [04:02, 10.33it/s]
1709it [04:02, 10.63it/s]
1711it [04:02, 10.29it/s]
1713it [04:02,  9.97it/s]
1714it [04:03,  9.91it/s]
1715it [04:03,  9.76it/s]
1717it [04:03,  9.73it/s]
1718it [04:03,  8.81it/s]
1719it [04:03,  8.80it/s]
1720it [04:03,  8.31it/s]
1721it [04:03,  7.69it/s]
1722it [04:04,  7.75it/s]
1723it [04:04,  8.00it/s]
1724it [04:04,  8.10it/s]
1725it [04:04,  7.73it/s]
1726it [04:04,  7.62it/s]
1727it [04:04,  7.51it/s]
1728it [04:04,  8.10it/s]
1729it [04:04,  7.52it/s]
1730it [04:05,  7.45it/s]
1731it [04:05,  7.11it/s]
1732it [04:05,  7.22it/s]
1733it [04:05,  6.30it/s]
1734it [04:05,  5.92it/s]
1735it [04:05,  5.79it/s]
1736it [04:06,  6.09it/s]
1737it [04:06,  5.51it/s]
1738it [04:06,  5.50it/s]
1739it [04:06,  5.56it/s]
1740it [04:06,  5.80it/s]
1741it [04:07,  5.26it/s]
1742it [04:07,  5.33it/s]
1743it [04:07,  5.40it/s]
1744it [04:07,  5.56it/s]
1745it [04:07,  5.02it/s]
1746it [04:08,  5.06it/s]
1747it [04:08,  5.26it/s]
1748it [04:08,  5.47it/s]
1749it [04:08,  5.04it/s]
1750it [04:08,  4.92it/s]
1751it [04:09,  5.02it/s]
1752it [04:09,  5.40it/s]
1753it [04:09,  5.44it/s]
1754it [04:09,  5.23it/s]
1755it [04:09,  4.95it/s]
1756it [04:09,  5.06it/s]
1757it [04:10,  4.56it/s]
1758it [04:10,  4.65it/s]
1759it [04:10,  4.79it/s]
1760it [04:10,  4.57it/s]
1761it [04:11,  4.73it/s]
1762it [04:11,  4.99it/s]
1763it [04:11,  4.99it/s]
1764it [04:11,  5.08it/s]
1765it [04:11,  5.25it/s]
1766it [04:12,  4.89it/s]
1767it [04:12,  4.89it/s]
1768it [04:12,  5.12it/s]
1769it [04:12,  5.28it/s]
1770it [04:12,  5.38it/s]
1771it [04:13,  5.07it/s]
1772it [04:13,  5.07it/s]
1773it [04:13,  5.24it/s]
1774it [04:13,  5.49it/s]
1775it [04:13,  4.94it/s]
1776it [04:13,  5.16it/s]
1777it [04:14,  5.45it/s]
1778it [04:14,  5.74it/s]
1779it [04:14,  6.02it/s]
1780it [04:14,  6.40it/s]
1781it [04:14,  6.34it/s]
1782it [04:14,  6.86it/s]
1783it [04:14,  7.16it/s]
1784it [04:15,  7.66it/s]
1785it [04:15,  7.63it/s]
1786it [04:15,  8.00it/s]
1787it [04:15,  8.05it/s]
1788it [04:15,  8.45it/s]
1789it [04:15,  8.30it/s]
1789it [04:15,  6.99it/s]
The Average Precision at IOU 0.3 is 0.73, 
The Average Precision at IOU 0.5 is 0.69, 
The Average Precision at IOU 0.7 is 0.53
Epoch: 29 | AP @0.3: 0.7299 | AP @0.5: 0.6882 | AP @0.7: 0.5313 | comm_rate: 0.000000